<?xml version="1.0" encoding="UTF-8"?>
<!-- Generated by org.testng.reporters.JUnitReportReporter -->
<testsuite hostname="DESKTOP-VAET8A6" failures="0" tests="1" name="ApiAssingment.GetBooking" time="2.177" errors="0" timestamp="2023-10-27T14:47:14 IST" skipped="0">
  <testcase classname="ApiAssingment.GetBooking" name="testGetBooking" time="2.177"/>
  <system-out/>
</testsuite> <!-- ApiAssingment.GetBooking -->
