<?xml version="1.0" encoding="UTF-8"?>
<!-- Generated by org.testng.reporters.JUnitReportReporter -->
<testsuite hostname="DESKTOP-VAET8A6" failures="0" tests="1" name="BMC.UIAssingment.BmcAmazon_TC" time="115.933" errors="0" timestamp="27 Oct 2023 14:54:22 GMT">
  <testcase classname="BMC.UIAssingment.BmcAmazon_TC" name="mainTest" time="115.933"/>
</testsuite> <!-- BMC.UIAssingment.BmcAmazon_TC -->
